INFO 2026-02-12 15:39:40,321 autoreload 14209 8505313280 Watching for file changes with StatReloader
Exception in thread django-main-thread:
Traceback (most recent call last):
  File "/Users/diegorivera7/Downloads/proyecto/Gesti-n-de-ventas/venv/lib/python3.13/site-packages/django/db/backends/base/base.py", line 279, in ensure_connection
    self.connect()
    ~~~~~~~~~~~~^^
  File "/Users/diegorivera7/Downloads/proyecto/Gesti-n-de-ventas/venv/lib/python3.13/site-packages/django/utils/asyncio.py", line 26, in inner
    return func(*args, **kwargs)
  File "/Users/diegorivera7/Downloads/proyecto/Gesti-n-de-ventas/venv/lib/python3.13/site-packages/django/db/backends/base/base.py", line 256, in connect
    self.connection = self.get_new_connection(conn_params)
                      ~~~~~~~~~~~~~~~~~~~~~~~^^^^^^^^^^^^^
  File "/Users/diegorivera7/Downloads/proyecto/Gesti-n-de-ventas/venv/lib/python3.13/site-packages/django/utils/asyncio.py", line 26, in inner
    return func(*args, **kwargs)
  File "/Users/diegorivera7/Downloads/proyecto/Gesti-n-de-ventas/venv/lib/python3.13/site-packages/django/db/backends/mysql/base.py", line 256, in get_new_connection
    connection = Database.connect(**conn_params)
  File "/Users/diegorivera7/Downloads/proyecto/Gesti-n-de-ventas/venv/lib/python3.13/site-packages/MySQLdb/__init__.py", line 121, in Connect
    return Connection(*args, **kwargs)
  File "/Users/diegorivera7/Downloads/proyecto/Gesti-n-de-ventas/venv/lib/python3.13/site-packages/MySQLdb/connections.py", line 200, in __init__
    super().__init__(*args, **kwargs2)
    ~~~~~~~~~~~~~~~~^^^^^^^^^^^^^^^^^^
MySQLdb.OperationalError: (2005, "Unknown MySQL server host 'db' (8)")

The above exception was the direct cause of the following exception:

Traceback (most recent call last):
  File "/opt/homebrew/Cellar/python@3.13/3.13.7/Frameworks/Python.framework/Versions/3.13/lib/python3.13/threading.py", line 1043, in _bootstrap_inner
    self.run()
    ~~~~~~~~^^
  File "/opt/homebrew/Cellar/python@3.13/3.13.7/Frameworks/Python.framework/Versions/3.13/lib/python3.13/threading.py", line 994, in run
    self._target(*self._args, **self._kwargs)
    ~~~~~~~~~~~~^^^^^^^^^^^^^^^^^^^^^^^^^^^^^
  File "/Users/diegorivera7/Downloads/proyecto/Gesti-n-de-ventas/venv/lib/python3.13/site-packages/django/utils/autoreload.py", line 64, in wrapper
    fn(*args, **kwargs)
    ~~^^^^^^^^^^^^^^^^^
  File "/Users/diegorivera7/Downloads/proyecto/Gesti-n-de-ventas/venv/lib/python3.13/site-packages/django/core/management/commands/runserver.py", line 137, in inner_run
    self.check_migrations()
    ~~~~~~~~~~~~~~~~~~~~~^^
  File "/Users/diegorivera7/Downloads/proyecto/Gesti-n-de-ventas/venv/lib/python3.13/site-packages/django/core/management/base.py", line 587, in check_migrations
    executor = MigrationExecutor(connections[DEFAULT_DB_ALIAS])
  File "/Users/diegorivera7/Downloads/proyecto/Gesti-n-de-ventas/venv/lib/python3.13/site-packages/django/db/migrations/executor.py", line 18, in __init__
    self.loader = MigrationLoader(self.connection)
                  ~~~~~~~~~~~~~~~^^^^^^^^^^^^^^^^^
  File "/Users/diegorivera7/Downloads/proyecto/Gesti-n-de-ventas/venv/lib/python3.13/site-packages/django/db/migrations/loader.py", line 58, in __init__
    self.build_graph()
    ~~~~~~~~~~~~~~~~^^
  File "/Users/diegorivera7/Downloads/proyecto/Gesti-n-de-ventas/venv/lib/python3.13/site-packages/django/db/migrations/loader.py", line 235, in build_graph
    self.applied_migrations = recorder.applied_migrations()
                              ~~~~~~~~~~~~~~~~~~~~~~~~~~~^^
  File "/Users/diegorivera7/Downloads/proyecto/Gesti-n-de-ventas/venv/lib/python3.13/site-packages/django/db/migrations/recorder.py", line 89, in applied_migrations
    if self.has_table():
       ~~~~~~~~~~~~~~^^
  File "/Users/diegorivera7/Downloads/proyecto/Gesti-n-de-ventas/venv/lib/python3.13/site-packages/django/db/migrations/recorder.py", line 63, in has_table
    with self.connection.cursor() as cursor:
         ~~~~~~~~~~~~~~~~~~~~~~^^
  File "/Users/diegorivera7/Downloads/proyecto/Gesti-n-de-ventas/venv/lib/python3.13/site-packages/django/utils/asyncio.py", line 26, in inner
    return func(*args, **kwargs)
  File "/Users/diegorivera7/Downloads/proyecto/Gesti-n-de-ventas/venv/lib/python3.13/site-packages/django/db/backends/base/base.py", line 320, in cursor
    return self._cursor()
           ~~~~~~~~~~~~^^
  File "/Users/diegorivera7/Downloads/proyecto/Gesti-n-de-ventas/venv/lib/python3.13/site-packages/django/db/backends/base/base.py", line 296, in _cursor
    self.ensure_connection()
    ~~~~~~~~~~~~~~~~~~~~~~^^
  File "/Users/diegorivera7/Downloads/proyecto/Gesti-n-de-ventas/venv/lib/python3.13/site-packages/django/utils/asyncio.py", line 26, in inner
    return func(*args, **kwargs)
  File "/Users/diegorivera7/Downloads/proyecto/Gesti-n-de-ventas/venv/lib/python3.13/site-packages/django/db/backends/base/base.py", line 278, in ensure_connection
    with self.wrap_database_errors:
         ^^^^^^^^^^^^^^^^^^^^^^^^^
  File "/Users/diegorivera7/Downloads/proyecto/Gesti-n-de-ventas/venv/lib/python3.13/site-packages/django/db/utils.py", line 91, in __exit__
    raise dj_exc_value.with_traceback(traceback) from exc_value
  File "/Users/diegorivera7/Downloads/proyecto/Gesti-n-de-ventas/venv/lib/python3.13/site-packages/django/db/backends/base/base.py", line 279, in ensure_connection
    self.connect()
    ~~~~~~~~~~~~^^
  File "/Users/diegorivera7/Downloads/proyecto/Gesti-n-de-ventas/venv/lib/python3.13/site-packages/django/utils/asyncio.py", line 26, in inner
    return func(*args, **kwargs)
  File "/Users/diegorivera7/Downloads/proyecto/Gesti-n-de-ventas/venv/lib/python3.13/site-packages/django/db/backends/base/base.py", line 256, in connect
    self.connection = self.get_new_connection(conn_params)
                      ~~~~~~~~~~~~~~~~~~~~~~~^^^^^^^^^^^^^
  File "/Users/diegorivera7/Downloads/proyecto/Gesti-n-de-ventas/venv/lib/python3.13/site-packages/django/utils/asyncio.py", line 26, in inner
    return func(*args, **kwargs)
  File "/Users/diegorivera7/Downloads/proyecto/Gesti-n-de-ventas/venv/lib/python3.13/site-packages/django/db/backends/mysql/base.py", line 256, in get_new_connection
    connection = Database.connect(**conn_params)
  File "/Users/diegorivera7/Downloads/proyecto/Gesti-n-de-ventas/venv/lib/python3.13/site-packages/MySQLdb/__init__.py", line 121, in Connect
    return Connection(*args, **kwargs)
  File "/Users/diegorivera7/Downloads/proyecto/Gesti-n-de-ventas/venv/lib/python3.13/site-packages/MySQLdb/connections.py", line 200, in __init__
    super().__init__(*args, **kwargs2)
    ~~~~~~~~~~~~~~~~^^^^^^^^^^^^^^^^^^
django.db.utils.OperationalError: (2005, "Unknown MySQL server host 'db' (8)")
